#
# An unexpected error has been detected by Java Runtime Environment:
#
#  EXCEPTION_ACCESS_VIOLATION (0xc0000005) at pc=0x69625f40, pid=4140, tid=4148
#
# Java VM: Java HotSpot(TM) Client VM (11.2-b01 mixed mode windows-x86)
# Problematic frame:
# C  0x69625f40
#
# If you would like to submit a bug report, please visit:
#   http://java.sun.com/webapps/bugreport/crash.jsp
# The crash happened outside the Java Virtual Machine in native code.
# See problematic frame for where to report the bug.
#

---------------  T H R E A D  ---------------

Current thread (0x09c1a000):  JavaThread "main" [_thread_in_native, id=4148, stack(0x00440000,0x00c40000)]

siginfo: ExceptionCode=0xc0000005, reading address 0x69625f40

Registers:
EAX=0x69625f40, EBX=0x7baeed50, ECX=0x200e3a70, EDX=0x7a87bc80
ESP=0x00c3a74c, EBP=0x00c3a770, ESI=0x20395ab8, EDI=0x200e3ad0
EIP=0x69625f40, EFLAGS=0x00010202

Top of Stack: (sp=0x00c3a74c)
0x00c3a74c:   7a87bd33 200e3ad0 20395ab8 00000000
0x00c3a75c:   000000fe 200e3a70 00c3a788 7a957241
0x00c3a76c:   ffffffff 00c3a794 7a87bca7 00000008
0x00c3a77c:   000000fe 1fac3e00 20395ab8 00c3a7e4
0x00c3a78c:   7a957265 00000000 00c3a7b0 7a8cf7bf
0x00c3a79c:   00000001 000000fe 1fac3e00 00000000
0x00c3a7ac:   00c3a7f0 00c3a7f0 7a8d05d9 1fa8c638
0x00c3a7bc:   1fa8c6e8 00000000 1d888258 1d8881e0 

Instructions: (pc=0x69625f40)
0x69625f30:   
[error occurred during error reporting (printing registers, top of stack, instructions near pc), id 0xc0000005]

Stack: [0x00440000,0x00c40000],  sp=0x00c3a74c,  free space=8169k
Native frames: (J=compiled Java code, j=interpreted, Vv=VM code, C=native code)
C  0x69625f40
C  [m_interpreter.dll+0x2bca7]
C  [m_interpreter.dll+0x7f7bf]
C  [m_interpreter.dll+0x805d9]
C  [m_interpreter.dll+0x9ccbd]
C  [m_interpreter.dll+0xac660]
C  [m_dispatcher.dll+0x361b]
C  [m_dispatcher.dll+0xf65b]
C  [m_interpreter.dll+0xc888f]
C  [mcr.dll+0x3453e]
C  [m_dispatcher.dll+0x780c]
C  [m_dispatcher.dll+0x7691]
C  [m_dispatcher.dll+0x4b02]
C  [m_dispatcher.dll+0x780c]
C  [m_dispatcher.dll+0x7691]
C  [m_interpreter.dll+0xa44c4]
C  [m_interpreter.dll+0x9ecc8]
C  [m_interpreter.dll+0xbf264]
C  0x78ba2dd2
C  0x78ba3b15
C  0x78ba391a
C  0x78ba7cad
C  0x78ba7d73
J  com.mathworks.jmi.NativeMatlab.SendMatlabMessage(Ljava/lang/Object;)Ljava/lang/Object;
J  com.mathworks.jmi.Matlab.mtFevalConsoleOutput(Ljava/lang/String;[Ljava/lang/Object;I)Ljava/lang/Object;
j  com.mathworks.mde.desk.MLDesktop$9.run()V+14
J  com.mathworks.jmi.NativeMatlab.dispatchMTRequests(Z)V
v  ~StubRoutines::call_stub

Java frames: (J=compiled Java code, j=interpreted, Vv=VM code)
J  com.mathworks.jmi.NativeMatlab.SendMatlabMessage(Ljava/lang/Object;)Ljava/lang/Object;
J  com.mathworks.jmi.Matlab.mtFevalConsoleOutput(Ljava/lang/String;[Ljava/lang/Object;I)Ljava/lang/Object;
j  com.mathworks.mde.desk.MLDesktop$9.run()V+14
J  com.mathworks.jmi.NativeMatlab.dispatchMTRequests(Z)V
v  ~StubRoutines::call_stub

---------------  P R O C E S S  ---------------

Java Threads: ( => current thread )
  0x1a64c000 JavaThread "Thread-20" [_thread_blocked, id=2924, stack(0x05180000,0x05200000)]
  0x1a648c00 JavaThread "Active Reference Queue Daemon" daemon [_thread_blocked, id=1824, stack(0x1c0f0000,0x1c170000)]
  0x1a648800 JavaThread "Timer-2" daemon [_thread_blocked, id=5112, stack(0x1c030000,0x1c0b0000)]
  0x1a9dbc00 JavaThread "Timer-1" daemon [_thread_blocked, id=3768, stack(0x091f0000,0x09270000)]
  0x19ee0000 JavaThread "TimerQueue" daemon [_thread_blocked, id=2516, stack(0x09080000,0x09100000)]
  0x1a09b000 JavaThread "AWT-EventQueue-0" [_thread_blocked, id=5004, stack(0x08fb0000,0x09030000)]
  0x19fda800 JavaThread "AWT-Shutdown" [_thread_blocked, id=5024, stack(0x08ef0000,0x08f70000)]
  0x1a00f000 JavaThread "AWT-Windows" daemon [_thread_in_native, id=4596, stack(0x1a270000,0x1a2f0000)]
  0x19fb4000 JavaThread "Java2D Disposer" daemon [_thread_blocked, id=4588, stack(0x1a0f0000,0x1a170000)]
  0x19ab1800 JavaThread "Timer-0" [_thread_blocked, id=4616, stack(0x19c20000,0x19ca0000)]
  0x19a34c00 JavaThread "JMI Unnamed Thread" [_thread_in_native, id=4060, stack(0x05710000,0x05f10000)]
  0x09cc7800 JavaThread "Low Memory Detector" daemon [_thread_blocked, id=4416, stack(0x19120000,0x191a0000)]
  0x09cc7000 JavaThread "CompilerThread0" daemon [_thread_blocked, id=4464, stack(0x188e0000,0x190e0000)]
  0x09cb8c00 JavaThread "Attach Listener" daemon [_thread_blocked, id=4364, stack(0x18820000,0x188a0000)]
  0x09c9f800 JavaThread "Finalizer" daemon [_thread_blocked, id=1468, stack(0x186a0000,0x18720000)]
  0x09c9b000 JavaThread "Reference Handler" daemon [_thread_blocked, id=2992, stack(0x185e0000,0x18660000)]
=>0x09c1a000 JavaThread "main" [_thread_in_native, id=4148, stack(0x00440000,0x00c40000)]

Other Threads:
  0x09c95800 VMThread [stack: 0x17da0000,0x185a0000] [id=2548]
  0x09cd2000 WatcherThread [stack: 0x191e0000,0x199e0000] [id=4544]

VM state:not at safepoint (normal execution)

VM Mutex/Monitor currently owned by a thread: None

Heap
 def new generation   total 14784K, used 1633K [0x0bd60000, 0x0cd60000, 0x0dd60000)
  eden space 13184K,   9% used [0x0bd60000, 0x0be88fc8, 0x0ca40000)
  from space 1600K,  27% used [0x0cbd0000, 0x0cc3f538, 0x0cd60000)
  to   space 1600K,   0% used [0x0ca40000, 0x0ca40000, 0x0cbd0000)
 tenured generation   total 49152K, used 30780K [0x0dd60000, 0x10d60000, 0x13d60000)
   the space 49152K,  62% used [0x0dd60000, 0x0fb6f148, 0x0fb6f200, 0x10d60000)
 compacting perm gen  total 32768K, used 30651K [0x13d60000, 0x15d60000, 0x17d60000)
   the space 32768K,  93% used [0x13d60000, 0x15b4eed8, 0x15b4f000, 0x15d60000)
No shared spaces configured.

Dynamic libraries:
0x00400000 - 0x00433000 	C:\Program Files (x86)\MATLAB\R2009b\bin\win32\MATLAB.exe
0x77900000 - 0x77a80000 	C:\Windows\SysWOW64\ntdll.dll
0x75550000 - 0x75660000 	C:\Windows\syswow64\kernel32.dll
0x75ad0000 - 0x75b17000 	C:\Windows\syswow64\KERNELBASE.dll
0x7bae0000 - 0x7bb89000 	C:\Program Files (x86)\MATLAB\R2009b\bin\win32\libut.dll
0x75aa0000 - 0x75acb000 	C:\Windows\syswow64\imagehlp.dll
0x76b20000 - 0x76bcc000 	C:\Windows\syswow64\msvcrt.dll
0x76cf0000 - 0x76d90000 	C:\Windows\syswow64\ADVAPI32.dll
0x76780000 - 0x76799000 	C:\Windows\SysWOW64\sechost.dll
0x77210000 - 0x77300000 	C:\Windows\syswow64\RPCRT4.dll
0x752a0000 - 0x75300000 	C:\Windows\syswow64\SspiCli.dll
0x75290000 - 0x7529c000 	C:\Windows\syswow64\CRYPTBASE.dll
0x753d0000 - 0x753d5000 	C:\Windows\syswow64\PSAPI.DLL
0x7c1c0000 - 0x7c1df000 	C:\Program Files (x86)\MATLAB\R2009b\bin\win32\LIBEXPAT.dll
0x74330000 - 0x743cb000 	C:\Windows\WinSxS\x86_microsoft.vc80.crt_1fc8b3b9a1e18e3b_8.0.50727.6195_none_d09154e044272b9a\MSVCR80.dll
0x7bf40000 - 0x7c028000 	C:\Program Files (x86)\MATLAB\R2009b\bin\win32\icuuc40.dll
0x7b5e0000 - 0x7b5e4000 	C:\Program Files (x86)\MATLAB\R2009b\bin\win32\icudt40.dll
0x7b5f0000 - 0x7b5fc000 	C:\Program Files (x86)\MATLAB\R2009b\bin\win32\icuio40.dll
0x7b830000 - 0x7b928000 	C:\Program Files (x86)\MATLAB\R2009b\bin\win32\icuin40.dll
0x749d0000 - 0x74a57000 	C:\Windows\WinSxS\x86_microsoft.vc80.crt_1fc8b3b9a1e18e3b_8.0.50727.6195_none_d09154e044272b9a\MSVCP80.dll
0x76e50000 - 0x76f50000 	C:\Windows\syswow64\USER32.dll
0x76fe0000 - 0x77070000 	C:\Windows\syswow64\GDI32.dll
0x778d0000 - 0x778da000 	C:\Windows\syswow64\LPK.dll
0x76840000 - 0x768dd000 	C:\Windows\syswow64\USP10.dll
0x786f0000 - 0x78728000 	C:\Program Files (x86)\MATLAB\R2009b\bin\win32\libmwfl.dll
0x7d390000 - 0x7d39e000 	C:\Program Files (x86)\MATLAB\R2009b\bin\win32\boost_date_time-vc80-mt-1_36.dll
0x7d280000 - 0x7d290000 	C:\Program Files (x86)\MATLAB\R2009b\bin\win32\boost_signals-vc80-mt-1_36.dll
0x7c710000 - 0x7c717000 	C:\Program Files (x86)\MATLAB\R2009b\bin\win32\boost_system-vc80-mt-1_36.dll
0x7b5d0000 - 0x7b5dc000 	C:\Program Files (x86)\MATLAB\R2009b\bin\win32\boost_thread-vc80-mt-1_36.dll
0x7bc10000 - 0x7be19000 	C:\Program Files (x86)\MATLAB\R2009b\bin\win32\libmwservices.dll
0x7bb90000 - 0x7bc0b000 	C:\Program Files (x86)\MATLAB\R2009b\bin\win32\libmx.dll
0x78bc0000 - 0x78bd3000 	C:\Program Files (x86)\MATLAB\R2009b\bin\win32\zlib1.dll
0x7be20000 - 0x7bf34000 	C:\Program Files (x86)\MATLAB\R2009b\bin\win32\libmwmathutil.dll
0x79cf0000 - 0x79d25000 	C:\Program Files (x86)\MATLAB\R2009b\bin\win32\mpath.dll
0x7c2c0000 - 0x7c2f0000 	C:\Program Files (x86)\MATLAB\R2009b\bin\win32\mlutil.dll
0x786a0000 - 0x786ce000 	C:\Program Files (x86)\MATLAB\R2009b\bin\win32\tbb.dll
0x00210000 - 0x00294000 	C:\Windows\WinSxS\x86_microsoft.windows.common-controls_6595b64144ccf1df_5.82.7601.18201_none_ec80f00e8593ece5\COMCTL32.dll
0x75340000 - 0x753bb000 	C:\Windows\syswow64\comdlg32.dll
0x767b0000 - 0x76807000 	C:\Windows\syswow64\SHLWAPI.dll
0x75b30000 - 0x7677a000 	C:\Windows\syswow64\SHELL32.dll
0x74b50000 - 0x74b61000 	C:\Windows\system32\NETAPI32.dll
0x74bb0000 - 0x74bb9000 	C:\Windows\system32\netutils.dll
0x74af0000 - 0x74b09000 	C:\Windows\system32\srvcli.dll
0x74ae0000 - 0x74aef000 	C:\Windows\system32\wkscli.dll
0x75300000 - 0x75335000 	C:\Windows\syswow64\WS2_32.dll
0x75820000 - 0x75826000 	C:\Windows\syswow64\NSI.dll
0x7d560000 - 0x7d576000 	C:\Program Files (x86)\MATLAB\R2009b\bin\win32\boost_filesystem-vc80-mt-1_36.dll
0x7a270000 - 0x7a2d0000 	C:\Program Files (x86)\MATLAB\R2009b\bin\win32\mcr.dll
0x7b600000 - 0x7b64f000 	C:\Program Files (x86)\MATLAB\R2009b\bin\win32\iqm.dll
0x7a850000 - 0x7ad3b000 	C:\Program Files (x86)\MATLAB\R2009b\bin\win32\m_interpreter.dll
0x7b660000 - 0x7b66c000 	C:\Program Files (x86)\MATLAB\R2009b\bin\win32\libmex.dll
0x7a140000 - 0x7a1a4000 	C:\Program Files (x86)\MATLAB\R2009b\bin\win32\m_dispatcher.dll
0x7d1e0000 - 0x7d23e000 	C:\Program Files (x86)\MATLAB\R2009b\bin\win32\xmlcore.dll
0x79600000 - 0x797c2000 	C:\Program Files (x86)\MATLAB\R2009b\bin\win32\xerces-c_2_7.dll
0x7d4b0000 - 0x7d54d000 	C:\Program Files (x86)\MATLAB\R2009b\bin\win32\boost_regex-vc80-mt-1_36.dll
0x7a050000 - 0x7a0a7000 	C:\Program Files (x86)\MATLAB\R2009b\bin\win32\profiler.dll
0x7b6c0000 - 0x7b6de000 	C:\Program Files (x86)\MATLAB\R2009b\bin\win32\libmwmathrng.dll
0x78b40000 - 0x78b52000 	C:\Program Files (x86)\MATLAB\R2009b\bin\win32\m_pcodeio.dll
0x79cb0000 - 0x79ce7000 	C:\Program Files (x86)\MATLAB\R2009b\bin\win32\m_ir.dll
0x7a350000 - 0x7a843000 	C:\Program Files (x86)\MATLAB\R2009b\bin\win32\m_parser.dll
0x7b650000 - 0x7b65e000 	C:\Program Files (x86)\MATLAB\R2009b\bin\win32\ir_xfmr.dll
0x78730000 - 0x78891000 	C:\Program Files (x86)\MATLAB\R2009b\bin\win32\mcos.dll
0x7b6f0000 - 0x7b6fa000 	C:\Program Files (x86)\MATLAB\R2009b\bin\win32\mtok.dll
0x78b20000 - 0x78b36000 	C:\Program Files (x86)\MATLAB\R2009b\bin\win32\m_pcodegen.dll
0x78a90000 - 0x78aac000 	C:\Program Files (x86)\MATLAB\R2009b\bin\win32\bridge.dll
0x7b2c0000 - 0x7b344000 	C:\Program Files (x86)\MATLAB\R2009b\bin\win32\udd.dll
0x7c030000 - 0x7c128000 	C:\Program Files (x86)\MATLAB\R2009b\bin\win32\libmwgui.dll
0x78c20000 - 0x79034000 	C:\Program Files (x86)\MATLAB\R2009b\bin\win32\hg.dll
0x78ab0000 - 0x78ad7000 	C:\Program Files (x86)\MATLAB\R2009b\bin\win32\libmat.dll
0x7b930000 - 0x7bad5000 	C:\Program Files (x86)\MATLAB\R2009b\bin\win32\libhdf5.dll
0x79c20000 - 0x79c61000 	C:\Program Files (x86)\MATLAB\R2009b\bin\win32\jmi.dll
0x79920000 - 0x7994c000 	C:\Program Files (x86)\MATLAB\R2009b\bin\win32\libmwhardcopy.dll
0x79c70000 - 0x79ca9000 	C:\Program Files (x86)\MATLAB\R2009b\bin\win32\libuij.dll
0x785d0000 - 0x7869f000 	C:\Program Files (x86)\MATLAB\R2009b\bin\win32\hgdatatypes.dll
0x785a0000 - 0x785d0000 	C:\Program Files (x86)\MATLAB\R2009b\bin\win32\hgutils.dll
0x78ae0000 - 0x78b11000 	C:\Program Files (x86)\MATLAB\R2009b\bin\win32\libmwlapack.dll
0x7b680000 - 0x7b68e000 	C:\Program Files (x86)\MATLAB\R2009b\bin\win32\libmwbinder.dll
0x7b350000 - 0x7b5c4000 	C:\Program Files (x86)\MATLAB\R2009b\bin\win32\uiw.dll
0x7b730000 - 0x7b739000 	C:\Program Files (x86)\MATLAB\R2009b\bin\win32\uinone.dll
0x72d00000 - 0x72e0f000 	C:\Windows\WinSxS\x86_microsoft.vc80.mfc_1fc8b3b9a1e18e3b_8.0.50727.6195_none_cbf5e994470a1a8f\MFC80.DLL
0x75160000 - 0x751b1000 	C:\Windows\system32\WINSPOOL.DRV
0x756c0000 - 0x7581c000 	C:\Windows\syswow64\ole32.dll
0x754c0000 - 0x7554f000 	C:\Windows\syswow64\OLEAUT32.dll
0x7a2d0000 - 0x7a346000 	C:\Program Files (x86)\MATLAB\R2009b\bin\win32\udd_mi.dll
0x78b60000 - 0x78b73000 	C:\Program Files (x86)\MATLAB\R2009b\bin\win32\mwoles05.DLL
0x7a000000 - 0x7a045000 	C:\Program Files (x86)\MATLAB\R2009b\bin\win32\comcli.dll
0x72e10000 - 0x72e2b000 	C:\Windows\WinSxS\x86_microsoft.vc80.atl_1fc8b3b9a1e18e3b_8.0.50727.6195_none_d1cb102c435421de\ATL80.DLL
0x7b6e0000 - 0x7b6eb000 	C:\Program Files (x86)\MATLAB\R2009b\bin\win32\mlautoregister.dll
0x76a30000 - 0x76a90000 	C:\Windows\system32\IMM32.DLL
0x753e0000 - 0x754ac000 	C:\Windows\syswow64\MSCTF.dll
0x72e40000 - 0x72e4e000 	C:\Windows\WinSxS\x86_microsoft.vc80.mfcloc_1fc8b3b9a1e18e3b_8.0.50727.6195_none_03ce2c72205943d3\MFC80ENU.DLL
0x767a0000 - 0x767ab000 	C:\Windows\syswow64\profapi.dll
0x72e60000 - 0x72ee0000 	C:\Windows\system32\uxtheme.dll
0x04470000 - 0x0460e000 	C:\Windows\WinSxS\x86_microsoft.windows.common-controls_6595b64144ccf1df_6.0.7601.17514_none_41e6975e2bd6f2b2\comctl32.dll
0x77070000 - 0x7720d000 	C:\Windows\syswow64\SETUPAPI.dll
0x76810000 - 0x76837000 	C:\Windows\syswow64\CFGMGR32.dll
0x76f70000 - 0x76f82000 	C:\Windows\syswow64\DEVOBJ.dll
0x76a90000 - 0x76b13000 	C:\Windows\syswow64\CLBCatQ.DLL
0x04e10000 - 0x04f05000 	C:\Windows\system32\propsys.dll
0x75130000 - 0x75151000 	C:\Windows\system32\ntmarta.dll
0x76f90000 - 0x76fd5000 	C:\Windows\syswow64\WLDAP32.dll
0x73890000 - 0x73893000 	C:\Windows\system32\icmp.Dll
0x74630000 - 0x7464c000 	C:\Windows\system32\iphlpapi.DLL
0x74620000 - 0x74627000 	C:\Windows\system32\WINNSI.DLL
0x74450000 - 0x74460000 	C:\Windows\system32\NLAapi.dll
0x74440000 - 0x74450000 	C:\Windows\system32\napinsp.dll
0x74420000 - 0x74432000 	C:\Windows\system32\pnrpnsp.dll
0x74130000 - 0x7416c000 	C:\Windows\System32\mswsock.dll
0x73f90000 - 0x73fd4000 	C:\Windows\system32\DNSAPI.dll
0x74410000 - 0x74418000 	C:\Windows\System32\winrnr.dll
0x01070000 - 0x01078000 	C:\Program Files (x86)\National Instruments\Shared\mDNS Responder\nimdnsNSP.dll
0x03b20000 - 0x03b29000 	C:\Windows\system32\nimdnsResponder.dll
0x744f0000 - 0x74593000 	C:\Windows\WinSxS\x86_microsoft.vc90.crt_1fc8b3b9a1e18e3b_9.0.30729.6161_none_50934f2ebcb7eb57\MSVCR90.dll
0x743d0000 - 0x74408000 	C:\Windows\System32\fwpuclnt.dll
0x73f80000 - 0x73f86000 	C:\Windows\system32\rasadhlp.dll
0x745a0000 - 0x745a5000 	C:\Windows\System32\wshtcpip.dll
0x74610000 - 0x7461d000 	C:\Windows\system32\dhcpcsvc6.DLL
0x745b0000 - 0x745c2000 	C:\Windows\system32\dhcpcsvc.DLL
0x73ef0000 - 0x73f03000 	C:\Windows\system32\dwmapi.dll
0x799c0000 - 0x79c16000 	C:\Program Files (x86)\MATLAB\R2009b\sys\java\jre\win32\jre\bin\client\jvm.dll
0x745d0000 - 0x74602000 	C:\Windows\system32\WINMM.dll
0x7c1e0000 - 0x7c236000 	C:\Program Files (x86)\MATLAB\R2009b\bin\win32\MSVCR71.dll
0x732d0000 - 0x7331c000 	C:\Windows\system32\apphelp.dll
0x74c60000 - 0x74d4b000 	C:\Windows\syswow64\dbghelp.dll
0x7a100000 - 0x7a108000 	C:\Program Files (x86)\MATLAB\R2009b\sys\java\jre\win32\jre\bin\hpi.dll
0x7a120000 - 0x7a12c000 	C:\Program Files (x86)\MATLAB\R2009b\sys\java\jre\win32\jre\bin\verify.dll
0x78be0000 - 0x78bff000 	C:\Program Files (x86)\MATLAB\R2009b\sys\java\jre\win32\jre\bin\java.dll
0x7a130000 - 0x7a13f000 	C:\Program Files (x86)\MATLAB\R2009b\sys\java\jre\win32\jre\bin\zip.dll

VM Arguments:
jvm_args: -Xss512k -XX:PermSize=32m -Xms64m -XX:NewRatio=3 -XX:MaxPermSize=64m -Xmx128m -XX:MaxDirectMemorySize=1200000000 -Dsun.java2d.noddraw=true -Dsun.awt.nopixfmt=true -Xshare:off -Xrs -Djava.library.path=C:\Program Files (x86)\MATLAB\R2009b\bin\win32 vfprintf abort 
java_command: <unknown>
Launcher Type: generic

Environment Variables:
PATH=C:\Windows\system32;C:\Windows;C:\Windows\System32\Wbem;C:\Windows\System32\WindowsPowerShell\v1.0\;C:\Program Files\SlikSvn\bin\;C:\Program Files (x86)\MATLAB\R2013b\runtime\win32;C:\Program Files (x86)\MATLAB\R2013b\bin;C:\Program Files (x86)\MATLAB\R2009b\bin;C:\Program Files (x86)\IVI\bin;C:\Program Files (x86)\IVI Foundation\VISA\WinNT\Bin;C:\Program Files\TortoiseSVN\bin;C:\Program Files (x86)\ATI Technologies\ATI.ACE\Core-Static;C:\Program Files\Intel\DMIX;C:\Program Files\IVI Foundation\IVI\bin;C:\Program Files\IVI Foundation\VISA\Win64\Bin\;C:\Program Files (x86)\IVI Foundation\VISA\WinNT\Bin\
USERNAME=Administrator
OS=Windows_NT
PROCESSOR_IDENTIFIER=Intel64 Family 6 Model 30 Stepping 5, GenuineIntel



---------------  S Y S T E M  ---------------

OS: Windows NT 6.1 Build 7601 Service Pack 1

CPU:total 8 (8 cores per cpu, 2 threads per core) family 6 model 14 stepping 5, cmov, cx8, fxsr, mmx, sse, sse2, sse3, ssse3, ht

Memory: 4k page, physical 4194303k(4194303k free), swap 4194303k(4194303k free)

vm_info: Java HotSpot(TM) Client VM (11.2-b01) for windows-x86 JRE (1.6.0_12-b04), built on Jan 17 2009 09:57:14 by "java_re" with MS VC++ 7.1

time: Thu Nov 13 13:27:25 2014
elapsed time: 13740 seconds

